<?xml version="1.0" encoding="UTF-8"?>
<!-- Generated by org.testng.reporters.JUnitReportReporter -->
<testsuite hostname="REGZA" failures="0" tests="1" name="crossbrowser.Crossbrowsertesting" time="0.773" errors="0" timestamp="2023-04-24T17:33:21 EAST" skipped="0">
  <testcase classname="crossbrowser.Crossbrowsertesting" name="home" time="0.773"/>
  <system-out/>
</testsuite> <!-- crossbrowser.Crossbrowsertesting -->
