<?xml version="1.0" encoding="UTF-8"?>
<!-- Generated by org.testng.reporters.JUnitReportReporter -->
<testsuite hostname="REGZA" failures="0" tests="3" name="crossbrowser.Verification" time="2.131" errors="0" timestamp="2023-04-24T17:52:51 EAST" skipped="0">
  <testcase classname="crossbrowser.Verification" name="home" time="0.858"/>
  <system-out/>
  <testcase classname="crossbrowser.Verification" name="home" time="0.610"/>
  <system-out/>
  <testcase classname="crossbrowser.Verification" name="home" time="0.663"/>
  <system-out/>
</testsuite> <!-- crossbrowser.Verification -->
